<?xml version="1.0" encoding="UTF-8"?>
<testng-results skipped="0" failed="0" ignored="0" total="1" passed="1">
  <reporter-output>
  </reporter-output>
  <suite name="Command line suite" duration-ms="31014" started-at="2019-04-06T15:12:54Z" finished-at="2019-04-06T15:13:25Z">
    <groups>
    </groups>
    <test name="Command line test" duration-ms="31014" started-at="2019-04-06T15:12:54Z" finished-at="2019-04-06T15:13:25Z">
      <class name="webApplicationTesting.webTestCases.ManulifeLaunchURLTest">
        <test-method status="PASS" signature="setupWebDriver()[pri:0, instance:webApplicationTesting.webTestCases.ManulifeLaunchURLTest@1e3c1c7]" name="setupWebDriver" is-config="true" duration-ms="16716" started-at="2019-04-06T15:12:38Z" finished-at="2019-04-06T15:12:54Z">
          <reporter-output>
          </reporter-output>
        </test-method> <!-- setupWebDriver -->
        <test-method status="PASS" signature="LaunchManulifeURL()[pri:0, instance:webApplicationTesting.webTestCases.ManulifeLaunchURLTest@1e3c1c7]" name="LaunchManulifeURL" duration-ms="31013" started-at="2019-04-06T15:12:54Z" finished-at="2019-04-06T15:13:25Z">
          <reporter-output>
          </reporter-output>
        </test-method> <!-- LaunchManulifeURL -->
        <test-method status="PASS" signature="tearDown()[pri:0, instance:webApplicationTesting.webTestCases.ManulifeLaunchURLTest@1e3c1c7]" name="tearDown" is-config="true" duration-ms="0" started-at="2019-04-06T15:13:25Z" finished-at="2019-04-06T15:13:25Z">
          <reporter-output>
          </reporter-output>
        </test-method> <!-- tearDown -->
      </class> <!-- webApplicationTesting.webTestCases.ManulifeLaunchURLTest -->
    </test> <!-- Command line test -->
  </suite> <!-- Command line suite -->
</testng-results>
